# JRE version: OpenJDK Runtime Environment (11.0.13) (build 11.0.13+0-b1751.21-8125866)
# Java VM: OpenJDK 64-Bit Server VM (11.0.13+0-b1751.21-8125866, mixed mode, tiered, compressed oops, g1 gc, linux-amd64)
Heap:
 garbage-first heap   total 206848K, used 152046K [0x0000000080000000, 0x0000000100000000)
  region size 1024K, 85 young (87040K), 5 survivors (5120K)
 Metaspace       used 50818K, capacity 52353K, committed 52508K, reserved 1095680K
  class space    used 6467K, capacity 7008K, committed 7040K, reserved 1048576K
GC Heap History (19 events):
Event: 0,366 GC heap before
{Heap before GC invocations=0 (full 0):
 garbage-first heap   total 126976K, used 16384K [0x0000000080000000, 0x0000000100000000)
  region size 1024K, 14 young (14336K), 0 survivors (0K)
 Metaspace       used 6644K, capacity 6841K, committed 7040K, reserved 1056768K
  class space    used 562K, capacity 618K, committed 640K, reserved 1048576K
}
Event: 0,370 GC heap after
{Heap after GC invocations=1 (full 0):
 garbage-first heap   total 126976K, used 4354K [0x0000000080000000, 0x0000000100000000)
  region size 1024K, 2 young (2048K), 2 survivors (2048K)
 Metaspace       used 6644K, capacity 6841K, committed 7040K, reserved 1056768K
  class space    used 562K, capacity 618K, committed 640K, reserved 1048576K
}
Event: 0,575 GC heap before
{Heap before GC invocations=1 (full 0):
 garbage-first heap   total 126976K, used 19714K [0x0000000080000000, 0x0000000100000000)
  region size 1024K, 14 young (14336K), 2 survivors (2048K)
 Metaspace       used 9734K, capacity 9970K, committed 10368K, reserved 1058816K
  class space    used 1003K, capacity 1070K, committed 1152K, reserved 1048576K
}
Event: 0,579 GC heap after
{Heap after GC invocations=2 (full 0):
 garbage-first heap   total 126976K, used 9279K [0x0000000080000000, 0x0000000100000000)
  region size 1024K, 2 young (2048K), 2 survivors (2048K)
 Metaspace       used 9734K, capacity 9970K, committed 10368K, reserved 1058816K
  class space    used 1003K, capacity 1070K, committed 1152K, reserved 1048576K
}
Event: 0,752 GC heap before
{Heap before GC invocations=2 (full 0):
 garbage-first heap   total 126976K, used 38975K [0x0000000080000000, 0x0000000100000000)
  region size 1024K, 31 young (31744K), 2 survivors (2048K)
 Metaspace       used 10732K, capacity 10926K, committed 11264K, reserved 1058816K
  class space    used 1104K, capacity 1175K, committed 1280K, reserved 1048576K
}
Event: 0,757 GC heap after
{Heap after GC invocations=3 (full 0):
 garbage-first heap   total 126976K, used 12778K [0x0000000080000000, 0x0000000100000000)
  region size 1024K, 4 young (4096K), 4 survivors (4096K)
 Metaspace       used 10732K, capacity 10926K, committed 11264K, reserved 1058816K
  class space    used 1104K, capacity 1175K, committed 1280K, reserved 1048576K
}
Event: 1,368 GC heap before
{Heap before GC invocations=3 (full 0):
 garbage-first heap   total 126976K, used 54762K [0x0000000080000000, 0x0000000100000000)
  region size 1024K, 45 young (46080K), 4 survivors (4096K)
 Metaspace       used 18231K, capacity 18622K, committed 18688K, reserved 1064960K
  class space    used 2150K, capacity 2282K, committed 2304K, reserved 1048576K
}
Event: 1,377 GC heap after
{Heap after GC invocations=4 (full 0):
 garbage-first heap   total 126976K, used 16241K [0x0000000080000000, 0x0000000100000000)
  region size 1024K, 6 young (6144K), 6 survivors (6144K)
 Metaspace       used 18231K, capacity 18622K, committed 18688K, reserved 1064960K
  class space    used 2150K, capacity 2282K, committed 2304K, reserved 1048576K
}
Event: 1,573 GC heap before
{Heap before GC invocations=4 (full 0):
 garbage-first heap   total 126976K, used 38769K [0x0000000080000000, 0x0000000100000000)
  region size 1024K, 29 young (29696K), 6 survivors (6144K)
 Metaspace       used 20724K, capacity 21187K, committed 21296K, reserved 1069056K
  class space    used 2519K, capacity 2688K, committed 2688K, reserved 1048576K
}
Event: 1,580 GC heap after
{Heap after GC invocations=5 (full 0):
 garbage-first heap   total 153600K, used 17158K [0x0000000080000000, 0x0000000100000000)
  region size 1024K, 5 young (5120K), 5 survivors (5120K)
 Metaspace       used 20724K, capacity 21187K, committed 21296K, reserved 1069056K
  class space    used 2519K, capacity 2688K, committed 2688K, reserved 1048576K
}
Event: 2,189 GC heap before
{Heap before GC invocations=6 (full 0):
 garbage-first heap   total 153600K, used 72454K [0x0000000080000000, 0x0000000100000000)
  region size 1024K, 59 young (60416K), 5 survivors (5120K)
 Metaspace       used 26605K, capacity 27303K, committed 27648K, reserved 1073152K
  class space    used 3470K, capacity 3717K, committed 3840K, reserved 1048576K
}
Event: 2,195 GC heap after
{Heap after GC invocations=7 (full 0):
 garbage-first heap   total 153600K, used 19754K [0x0000000080000000, 0x0000000100000000)
  region size 1024K, 7 young (7168K), 7 survivors (7168K)
 Metaspace       used 26605K, capacity 27303K, committed 27648K, reserved 1073152K
  class space    used 3470K, capacity 3717K, committed 3840K, reserved 1048576K
}
Event: 3,086 GC heap before
{Heap before GC invocations=7 (full 0):
 garbage-first heap   total 153600K, used 110890K [0x0000000080000000, 0x0000000100000000)
  region size 1024K, 84 young (86016K), 7 survivors (7168K)
 Metaspace       used 34822K, capacity 35734K, committed 35968K, reserved 1081344K
  class space    used 4581K, capacity 4922K, committed 4992K, reserved 1048576K
}
Event: 3,100 GC heap after
{Heap after GC invocations=8 (full 0):
 garbage-first heap   total 153600K, used 40713K [0x0000000080000000, 0x0000000100000000)
  region size 1024K, 10 young (10240K), 10 survivors (10240K)
 Metaspace       used 34822K, capacity 35734K, committed 35968K, reserved 1081344K
  class space    used 4581K, capacity 4922K, committed 4992K, reserved 1048576K
}
Event: 3,760 GC heap before
{Heap before GC invocations=9 (full 0):
 garbage-first heap   total 153600K, used 112393K [0x0000000080000000, 0x0000000100000000)
  region size 1024K, 78 young (79872K), 10 survivors (10240K)
 Metaspace       used 42325K, capacity 43435K, committed 43676K, reserved 1087488K
  class space    used 5380K, capacity 5780K, committed 5888K, reserved 1048576K
}
Event: 3,789 GC heap after
{Heap after GC invocations=10 (full 0):
 garbage-first heap   total 153600K, used 46239K [0x0000000080000000, 0x0000000100000000)
  region size 1024K, 6 young (6144K), 6 survivors (6144K)
 Metaspace       used 42325K, capacity 43435K, committed 43676K, reserved 1087488K
  class space    used 5380K, capacity 5780K, committed 5888K, reserved 1048576K
}
Event: 4,429 GC heap before
{Heap before GC invocations=10 (full 0):
 garbage-first heap   total 153600K, used 126111K [0x0000000080000000, 0x0000000100000000)
  region size 1024K, 72 young (73728K), 6 survivors (6144K)
 Metaspace       used 46243K, capacity 47568K, committed 47772K, reserved 1091584K
  class space    used 5818K, capacity 6315K, committed 6400K, reserved 1048576K
}
Event: 4,443 GC heap after
{Heap after GC invocations=11 (full 0):
 garbage-first heap   total 206848K, used 65006K [0x0000000080000000, 0x0000000100000000)
  region size 1024K, 7 young (7168K), 7 survivors (7168K)
 Metaspace       used 46243K, capacity 47568K, committed 47772K, reserved 1091584K
  class space    used 5818K, capacity 6315K, committed 6400K, reserved 1048576K
}
Event: 5,542 GC heap before
{Heap before GC invocations=11 (full 0):
 garbage-first heap   total 206848K, used 151022K [0x0000000080000000, 0x0000000100000000)
  region size 1024K, 87 young (89088K), 7 survivors (7168K)
 Metaspace       used 50818K, capacity 52353K, committed 52508K, reserved 1095680K
  class space    used 6467K, capacity 7008K, committed 7040K, reserved 1048576K
}

