# JRE version: OpenJDK Runtime Environment (11.0.13) (build 11.0.13+0-b1751.21-8125866)
# Java VM: OpenJDK 64-Bit Server VM (11.0.13+0-b1751.21-8125866, mixed mode, tiered, compressed oops, g1 gc, linux-amd64)
Heap:
 garbage-first heap   total 342016K, used 282290K [0x0000000080000000, 0x0000000100000000)
  region size 1024K, 49 young (50176K), 6 survivors (6144K)
 Metaspace       used 141454K, capacity 145232K, committed 145436K, reserved 1175552K
  class space    used 17301K, capacity 18738K, committed 18764K, reserved 1048576K
GC Heap History (20 events):
Event: 95,596 GC heap before
{Heap before GC invocations=78 (full 0):
 garbage-first heap   total 304128K, used 149246K [0x0000000080000000, 0x0000000100000000)
  region size 1024K, 28 young (28672K), 1 survivors (1024K)
 Metaspace       used 136102K, capacity 139670K, committed 139932K, reserved 1171456K
  class space    used 16903K, capacity 18292K, committed 18380K, reserved 1048576K
}
Event: 95,601 GC heap after
{Heap after GC invocations=79 (full 0):
 garbage-first heap   total 304128K, used 122189K [0x0000000080000000, 0x0000000100000000)
  region size 1024K, 1 young (1024K), 1 survivors (1024K)
 Metaspace       used 136102K, capacity 139670K, committed 139932K, reserved 1171456K
  class space    used 16903K, capacity 18292K, committed 18380K, reserved 1048576K
}
Event: 116,748 GC heap before
{Heap before GC invocations=80 (full 0):
 garbage-first heap   total 304128K, used 230733K [0x0000000080000000, 0x0000000100000000)
  region size 1024K, 107 young (109568K), 1 survivors (1024K)
 Metaspace       used 141106K, capacity 144966K, committed 145180K, reserved 1175552K
  class space    used 17291K, capacity 18734K, committed 18764K, reserved 1048576K
}
Event: 116,790 GC heap after
{Heap after GC invocations=81 (full 0):
 garbage-first heap   total 304128K, used 130593K [0x0000000080000000, 0x0000000100000000)
  region size 1024K, 9 young (9216K), 9 survivors (9216K)
 Metaspace       used 141106K, capacity 144966K, committed 145180K, reserved 1175552K
  class space    used 17291K, capacity 18734K, committed 18764K, reserved 1048576K
}
Event: 117,473 GC heap before
{Heap before GC invocations=82 (full 0):
 garbage-first heap   total 304128K, used 282145K [0x0000000080000000, 0x0000000100000000)
  region size 1024K, 117 young (119808K), 9 survivors (9216K)
 Metaspace       used 141151K, capacity 145031K, committed 145180K, reserved 1175552K
  class space    used 17291K, capacity 18734K, committed 18764K, reserved 1048576K
}
Event: 117,628 GC heap after
{Heap after GC invocations=83 (full 0):
 garbage-first heap   total 342016K, used 204631K [0x0000000080000000, 0x0000000100000000)
  region size 1024K, 15 young (15360K), 15 survivors (15360K)
 Metaspace       used 141151K, capacity 145031K, committed 145180K, reserved 1175552K
  class space    used 17291K, capacity 18734K, committed 18764K, reserved 1048576K
}
Event: 117,633 GC heap before
{Heap before GC invocations=83 (full 0):
 garbage-first heap   total 342016K, used 205655K [0x0000000080000000, 0x0000000100000000)
  region size 1024K, 16 young (16384K), 15 survivors (15360K)
 Metaspace       used 141151K, capacity 145031K, committed 145180K, reserved 1175552K
  class space    used 17291K, capacity 18734K, committed 18764K, reserved 1048576K
}
Event: 117,707 GC heap after
{Heap after GC invocations=84 (full 0):
 garbage-first heap   total 342016K, used 206336K [0x0000000080000000, 0x0000000100000000)
  region size 1024K, 2 young (2048K), 2 survivors (2048K)
 Metaspace       used 141151K, capacity 145031K, committed 145180K, reserved 1175552K
  class space    used 17291K, capacity 18734K, committed 18764K, reserved 1048576K
}
Event: 118,087 GC heap before
{Heap before GC invocations=84 (full 0):
 garbage-first heap   total 342016K, used 264704K [0x0000000080000000, 0x0000000100000000)
  region size 1024K, 60 young (61440K), 2 survivors (2048K)
 Metaspace       used 141214K, capacity 145037K, committed 145180K, reserved 1175552K
  class space    used 17291K, capacity 18734K, committed 18764K, reserved 1048576K
}
Event: 118,158 GC heap after
{Heap after GC invocations=85 (full 0):
 garbage-first heap   total 342016K, used 225792K [0x0000000080000000, 0x0000000100000000)
  region size 1024K, 8 young (8192K), 8 survivors (8192K)
 Metaspace       used 141214K, capacity 145037K, committed 145180K, reserved 1175552K
  class space    used 17291K, capacity 18734K, committed 18764K, reserved 1048576K
}
Event: 118,464 GC heap before
{Heap before GC invocations=85 (full 0):
 garbage-first heap   total 342016K, used 270848K [0x0000000080000000, 0x0000000100000000)
  region size 1024K, 53 young (54272K), 8 survivors (8192K)
 Metaspace       used 141258K, capacity 145106K, committed 145180K, reserved 1175552K
  class space    used 17293K, capacity 18734K, committed 18764K, reserved 1048576K
}
Event: 118,488 GC heap after
{Heap after GC invocations=86 (full 0):
 garbage-first heap   total 342016K, used 231936K [0x0000000080000000, 0x0000000100000000)
  region size 1024K, 5 young (5120K), 5 survivors (5120K)
 Metaspace       used 141258K, capacity 145106K, committed 145180K, reserved 1175552K
  class space    used 17293K, capacity 18734K, committed 18764K, reserved 1048576K
}
Event: 118,904 GC heap before
{Heap before GC invocations=86 (full 0):
 garbage-first heap   total 342016K, used 268800K [0x0000000080000000, 0x0000000100000000)
  region size 1024K, 49 young (50176K), 5 survivors (5120K)
 Metaspace       used 141352K, capacity 145136K, committed 145180K, reserved 1175552K
  class space    used 17301K, capacity 18738K, committed 18764K, reserved 1048576K
}
Event: 118,938 GC heap after
{Heap after GC invocations=87 (full 0):
 garbage-first heap   total 342016K, used 226218K [0x0000000080000000, 0x0000000100000000)
  region size 1024K, 3 young (3072K), 3 survivors (3072K)
 Metaspace       used 141352K, capacity 145136K, committed 145180K, reserved 1175552K
  class space    used 17301K, capacity 18738K, committed 18764K, reserved 1048576K
}
Event: 119,433 GC heap before
{Heap before GC invocations=88 (full 0):
 garbage-first heap   total 342016K, used 291754K [0x0000000080000000, 0x0000000100000000)
  region size 1024K, 53 young (54272K), 3 survivors (3072K)
 Metaspace       used 141367K, capacity 145202K, committed 145436K, reserved 1175552K
  class space    used 17301K, capacity 18738K, committed 18764K, reserved 1048576K
}
Event: 119,455 GC heap after
{Heap after GC invocations=89 (full 0):
 garbage-first heap   total 342016K, used 244364K [0x0000000080000000, 0x0000000100000000)
  region size 1024K, 7 young (7168K), 7 survivors (7168K)
 Metaspace       used 141367K, capacity 145202K, committed 145436K, reserved 1175552K
  class space    used 17301K, capacity 18738K, committed 18764K, reserved 1048576K
}
Event: 119,477 GC heap before
{Heap before GC invocations=89 (full 0):
 garbage-first heap   total 342016K, used 252556K [0x0000000080000000, 0x0000000100000000)
  region size 1024K, 16 young (16384K), 7 survivors (7168K)
 Metaspace       used 141371K, capacity 145202K, committed 145436K, reserved 1175552K
  class space    used 17301K, capacity 18738K, committed 18764K, reserved 1048576K
}
Event: 119,507 GC heap after
{Heap after GC invocations=90 (full 0):
 garbage-first heap   total 342016K, used 224182K [0x0000000080000000, 0x0000000100000000)
  region size 1024K, 2 young (2048K), 2 survivors (2048K)
 Metaspace       used 141371K, capacity 145202K, committed 145436K, reserved 1175552K
  class space    used 17301K, capacity 18738K, committed 18764K, reserved 1048576K
}
Event: 119,527 GC heap before
{Heap before GC invocations=90 (full 0):
 garbage-first heap   total 342016K, used 244662K [0x0000000080000000, 0x0000000100000000)
  region size 1024K, 23 young (23552K), 2 survivors (2048K)
 Metaspace       used 141371K, capacity 145202K, committed 145436K, reserved 1175552K
  class space    used 17301K, capacity 18738K, committed 18764K, reserved 1048576K
}
Event: 119,541 GC heap after
{Heap after GC invocations=91 (full 0):
 garbage-first heap   total 342016K, used 228018K [0x0000000080000000, 0x0000000100000000)
  region size 1024K, 6 young (6144K), 6 survivors (6144K)
 Metaspace       used 141371K, capacity 145202K, committed 145436K, reserved 1175552K
  class space    used 17301K, capacity 18738K, committed 18764K, reserved 1048576K
}

